[www.roblox.com/fr/Login.html]
[backblue.gif]
[fade.gif]
[index.html]
[images.rbxcdn.com/7c5fe83dffa97250aaddd54178900ea7.png]
[www.roblox.com/js/utilities/bundleVerifier44b4.js]
[css.rbxcdn.com/a37a0c2f7ace666c225ad7750883753e3eab0c4b586f5dc89853f85071230e00.css]
[css.rbxcdn.com/944c0c29b874f40bc983ce7754218170b4265e625e7351b1c6880694adb81556.css]
[css.rbxcdn.com/7fc67d38cfc34042bc251805f872ff5be8cb502859e943e5dda46fc3907375c6.css]
[css.rbxcdn.com/66b2fd496e668938e3b0e2d9a0c12f9f88c3a1a4974608f69059d8061fc0141f.css]
[css.rbxcdn.com/400978f76942a120b670fdfc07986d84641694237a4a10ba2b5ca383efd24715.css]
[css.rbxcdn.com/f77e16b9fa5823882aaa0cdabade9706b9ba2b7e050d23d2831da138a58e5f7f.css]
[css.rbxcdn.com/49fff8dad77e5262087267ee2e8fda1607525506c4a1ca20af60f9757684e980.css]
[css.rbxcdn.com/df9a376522ff4c39e6d789e6bcc3d4b2817bdac228020ee6fb4990807031f319.css]
[css.rbxcdn.com/f7426ffb19aeabf7440648f7fc7658fa8f823763664f8b667d9b45c8007e3d20.css]
[css.rbxcdn.com/7e348738266e9ea2bae9314a2d26b33618c6f4cf3c527b11023620d973c6e7fc.css]
[css.rbxcdn.com/945686c706d827658e2e4dee3009559078256e204bb42a3f02fdc6c9552cc7f7.css]
[www.roblox.com/fr/login-2.html]
[css.rbxcdn.com/9efc74e20b0735025990b89e70c22857c647df5879703815d5d11b9ae6f6aaee.css]
[css.rbxcdn.com/bc981bafa6b0a52c86d071d1f81b24168a8dd92e72b8ac52d37cb46bf8bd8c42.css]
[css.rbxcdn.com/07d73a0fe62fadd30d32d50e667e7d6b62ca192cd258a1c3340cb262de401d72.css]
[css.rbxcdn.com/97a9d5a74599e95902f6456aea6e3cfaa9fe463ebbe0ae4a6a5025d40e1b7866.css]
[css.rbxcdn.com/d47b8eefce509dac9b478c8602d901170bbeedd3dad170867869f3cad3f49f15.css]
[css.rbxcdn.com/7dfc7837b5da6850e13413c630b37da7e88aeb610ca2c7d4e8b71b02cbdc6ba6.css]
[css.rbxcdn.com/3c4bd9b17b9020d9ebc87d4542a68a949a9de6150a55a92f0e65514520ee777e.css]
[css.rbxcdn.com/1b6cc6d0699561a61e37bae3b8fa07ac5698c5c41c8375ac4f907e189be90232.css]
[css.rbxcdn.com/3bca47a98d58fdf98a7063c4f3b390671e5326ed559813887f3945876c997da6.css]
[css.rbxcdn.com/c5373f0dced8d7be7bb3ad1b978fb8af776157fcc41ad3d5c92d725063c2e6e1.css]
[js.rbxcdn.com/fc5032e013a877ae8dfdaf16e906375fc2d37781f22ca2908ee39b163d5e6269.js]
[js.rbxcdn.com/6f8bcfd33c17e884e38a8dcb89b5da42.js]
[js.rbxcdn.com/5c8a2ba3737908f693394045e81ebd71c77cde6f87550ea51f7833e8c98200ae.js]
[js.rbxcdn.com/2f0fd0c2760ff1898187af6df3b764f4b08f77a315d0a33654f105f61b0ea6d0.js]
[js.rbxcdn.com/dd0d34c6d7afd472e5636ca7645e703dd18502fc01c8211279879f64c847dee4.js]
[js.rbxcdn.com/f85ce090699c1c3962762b8a2f8b252f0f2a7d0424c146f41d6c5abbf0147a57.js]
[js.rbxcdn.com/02a63ed03498b17dc2e133716717d996d9be5ab25ae788ee1234d40267fc2d2b.js]
[roblox.com/js/hsts30f4.js]
[js.rbxcdn.com/c0b9b674b2a87f0aa6358830e63fa62841ce9a3e24f065c5fd33b7e73f22ffa6.js]
[www.roblox.com/fr/Download.html]
[images.rbxcdn.com/51328932dedb5d8d61107272cc1a27db.png]
[js.rbxcdn.com/00e1d37a965af4242dc6b296d6c883f0.js]
[images.rbxcdn.com/4bed93c91f909002b1f17f05c0ce13d1.gif]
[js.rbxcdn.com/4bae454bf5dab3028073fea1e91b6f19.js]
[js.rbxcdn.com/730a5206adda5785166891801b1e0f9ae622a95558b260a144db60278b243f5f.js]
[js.rbxcdn.com/8c1eaf614415a40296956e4691eaec91600ffb92ef6216d2ac9e92a971d6e3ea.js]
[js.rbxcdn.com/8c7e1d7ccba1380db7320ada71e579eb.js]
[js.rbxcdn.com/bfb3e7a7efed2f8ba4d12dc9fdb70dce1ff97ee13e988833a8638cf3ed8fd7f8.js]
[js.rbxcdn.com/cf24373e8c28103e7a5226478817ba312050ad5e53a422dadfd7c3ff77cfc883.js]
[js.rbxcdn.com/41bd9f2b3a9485661a0c9637526141c355311899d473b7a4ad2cca837f5e47f0.js]
[js.rbxcdn.com/c27f57f4a397dabc2fe3b74fec93c2401913bdf49373f9339c00b6f18b32d2ac.js]
[js.rbxcdn.com/30a799d27fa08973f1d5b1674a95750924cbdac1ccc76ca27817361001d54bb4.js]
[js.rbxcdn.com/63b59480fef503ff6648900d1051bae7531757a38ce24f77587552fca279d16c.js]
[js.rbxcdn.com/d8ebdb41a9d5df4ee618138bca4e1663975b7134d68c138418ad9a76cd031a2a.js]
[js.rbxcdn.com/2c21e9e061930ad208faef91747c11dc3ceb3115fa75b9e9a0f5b037409cde72.js]
[js.rbxcdn.com/f237746d0aea12de9860040043f8d9bee7dab0baf4a87bb6fc87de6d160c4000.js]
[js.rbxcdn.com/3756ad214dde52cb58a1300177547475.js]
[js.rbxcdn.com/94039c6a18f1d31aad2d345a095ac9b7668a378ea4dcadaf5c88f76ec321255d.js]
[js.rbxcdn.com/47aa20a4d7ec095fabb9db116c99c5c798b2fa37161a5f59a340cb352279596f.js]
[js.rbxcdn.com/8dfa98e98ef853c2798f8ea8a1f486c63bb5fd40cbd636f7af9d22888c0d5ca8.js]
[js.rbxcdn.com/37d982ee5d85023d308ca38cecf32e93640b26aa29ff660817f45cdacfac353a.js]
[js.rbxcdn.com/d9b4f8626ba6e9c4a9b6f84527e222dbb214a0e61e1e43adcc8d71082413d667.js]
[js.rbxcdn.com/a759672fe241c84864433521f6954eced217a3bd719e00e3ee6d1d8150fd8c33.js]
[js.rbxcdn.com/782a897e826725e8bef1e4991428db333f0e14c607dbc0654681b5ab9f03d328.js]
[js.rbxcdn.com/1e979a52d80126c2447674c17604baf65f73183fd44df1e6cd862feb441bdcc5.js]
[js.rbxcdn.com/1c8bc37109fd84f255ebad8b6f2edbbc9f0d2b97ef180131d9856ab1852b48c0.js]
[js.rbxcdn.com/67eb3a1bc1b5f6968e780734ccb0d41ca6100ed33bdece52792718166967d6a5.js]
[js.rbxcdn.com/fdeaf4b755d03ed3f57f6d1fafb284462336d6f99e89934c6c9f4844db86132c.js]
[js.rbxcdn.com/02ed13a20a4a50ef26468bad76b51aedd8ef9812d5881e9838f870d0a2d4e579.js]
[js.rbxcdn.com/34661723c28ed5a761fe97f512489f0cd99e787b1593d0609aebd1d1dea30b3c.js]
[js.rbxcdn.com/62b79d58602469d634c250d370334c3ac50b0d39ad49979fad288d0e66e7941a.js]
[js.rbxcdn.com/cd1ac9a47ca54a1ff977a4ee37398a86b7757b02925b6c53d42e87f28fb60991.js]
[js.rbxcdn.com/fe3b45517c518cda98809c915b1ae9575ea97ccff4c05be8e68933e70b15751d.js]
[js.rbxcdn.com/45dd9a6e8e3dbdfc18153719b293eff8cbfd32e05b8186a5ed3f15a95f1ecb64.js]
[js.rbxcdn.com/9a63697cb55f7cd0a2fb4540b77ff84fed8723f4f6b645b34976174025109f55.js]
[js.rbxcdn.com/7730fff4e1477239840256961802be137c8d5ce6723b0889ac525bfe58a74003.js]
[js.rbxcdn.com/3b42bf4be7b2bfd7b7a94c821cbeec3b739f42da2d2c58dffd19b45a57a1de4d.js]
[js.rbxcdn.com/d5a582eee36a56752bd2beb29b0de882e3865db8b29bae762044c2d71025bfef.js]
[js.rbxcdn.com/541a2c06b0dcbe1e2b287c07c1cac903dfffaa0103d4dbed4c96ee990700b5d7.js]
[js.rbxcdn.com/5699f030466d49a7ffaa49f4780409e9f2c4fe7cc6f9801204af0271ac364da9.js]
[js.rbxcdn.com/9f4672e98526e761d3f6a853ceb8916b570b4b032877f2dfecc9899b4c5e14be.js]
[js.rbxcdn.com/bd15b4a89fba2137a52116e947e7ad4129e8e3496c63331fcd85d4db733a4cbe.js]
[js.rbxcdn.com/0d3e04db515c52fbf36045f1c17a61baa4b2df280d7e8bf7c97500ab00d9e1b7.js]
[js.rbxcdn.com/06ad3970b5febcc0e936dea943d90d2adbdf81d11b2faa29dedefd95ec3ff899.js]
[js.rbxcdn.com/fa18f2c04a106c5540e9f4063bd415cbd79e49cb8cda59651641a6aeecf1fb1f.js]
[js.rbxcdn.com/955567fcee625c9235aea26b45e9b137de9ab1340f359f7b2890c0589415137c.js]
[js.rbxcdn.com/416e0487d23a6e91cbcb49592dfd548807555bc1163f51ee9a9ceb3bea79a156.js]
[js.rbxcdn.com/d33ce74e1b98bc070ed4542a3ac39318489a693cd98ce6725624311fd83617e1.js]
[js.rbxcdn.com/04342307684c1c1737fceb089b0204392bde5e41c97f9d4f6878566d0fd6c7ff.js]
[js.rbxcdn.com/81791d9d9f3c1fd273b7d1179ce60bea44c4d2211ba4d784347ee9535ef6499a.js]
[js.rbxcdn.com/9223c877a680af6f4391c216cd18dcb3e035452fd7feab44fa2f70b848f2b626.js]
[js.rbxcdn.com/dc2cf2e13daeb298bb874d126d8b067c2863c6a8978b4d5046e600e4b598578a.js]
[js.rbxcdn.com/e291a3f6a3485197787141f6c1e1661cc759d58dbd06fb792b35db122b412422.js]
[js.rbxcdn.com/2d0a39178b783d4e09a426a042a826da646b1fc91f581c3aaaf26462da283d18.js]
[js.rbxcdn.com/d19bff23fa108fc6e635e2c8f0fb600577d57fdcc1912acbca0e35f8b24e2ce6.js]
[js.rbxcdn.com/3a08fa760f713b9a813fd3dd9a287c4a884d420ba55569d691abb51f5d0607ef.js]
[js.rbxcdn.com/54353ea4ba7923c35a23acfbeecddc1ff8b3852d59f121b8ae08c746fae19498.js]
[js.rbxcdn.com/ed49522fd0b1b617240fb3c3cffc90e86c867ddadfb863283393143e84cc2933.js]
[js.rbxcdn.com/4ce2e6f511c327c7e69fdca7f9b768a571ab7d410034ce999ab64fac99ab16cf.js]
[js.rbxcdn.com/1cf8330a919924e0d4c5cf0f642a2d7557fdcdf23b2752ed9b5a8abdb9de26eb.js]
[js.rbxcdn.com/f6d7d1a6cf6c40a6fb6fb8349d77485ab248475eacfb1864dfbfc512627669d9.js]
[js.rbxcdn.com/afa91eaffc80b34e5c9efc653c12ca608908ea9a9e82472d748c8bd91445da38.js]
[js.rbxcdn.com/c4b0a446b38285f3db5472340f4ef27d737c87b78348e36dc7acbcfec89d70bf.js]
[js.rbxcdn.com/4b4ed339879e21ebd989965a4ade1a7d6f3181871df8d816198c1cdc73b629d5.js]
[js.rbxcdn.com/8889de1e23be3333741bd33377c89e88aeab7998ebf4ced2ea65a96d770af729.js]
[js.rbxcdn.com/798f611b6420d937d3e0e185e0f4c100d25504318298f7c0853b548a8feda388.js]
[js.rbxcdn.com/1fb472f4ffb7f82b3d4fa7df3938a70b5021eb457e187ccca1315181c0f7d705.js]
[js.rbxcdn.com/60ddd2e451fd1bb0df64b78e010f486ecdc9a94ef809f56e9e327acb537d9cab.js]
[js.rbxcdn.com/791c33e7b43fd59bcc706412cf7ebde051c76af94cbf4f4e4dd84ae0dcd24f4b.js]
[js.rbxcdn.com/6328efa46f9d9fb4eab34e90ba7e2c6486e35551d257d0b41a09879337b01549.js]
[js.rbxcdn.com/a1a40a73ee4d489126ef86ac2246b91500bde4690dcbc9277426dd43d51b30fc.js]
[js.rbxcdn.com/cd456bb506f1b0b06a2eb645ca018d367185ca84725ec00d524e35ce431f4a8c.js]
[js.rbxcdn.com/89b846016b379199ee3e5f07400d816a86364449a5b96c9ded3b126623eff535.js]
[js.rbxcdn.com/a35b5342ceeb69aca44f03fd05d6cf49d8c2ca296170db4e62411a64292b3219.js]
[js.rbxcdn.com/60ccd84f54341b61d091e4eef1cf632d9e5a45a60104921fbef270a8b26747d4.js]
[js.rbxcdn.com/4319057d732700585ce343582d8322331ca928ca540072f24acf32a79428e0db.js]
[js.rbxcdn.com/e686f5a32b8c263ed5aa9cbe66f023c030773a84ef5b01b3a0ae06976b962f04.js]
[js.rbxcdn.com/1567a48885770f64295520c1aa4532f01c7b980b27e5158910305235fc891da5.js]
[js.rbxcdn.com/8b4bc9e8a454f7aed550839cc0d367acfeec37a1eaf4b657ada5da3b8e53524e.js]
[js.rbxcdn.com/689e92f57ee764a513aa683f677071ebb20bf3eefbfe1cd95bd9667bfee198cf.js]
[js.rbxcdn.com/135aed29484856f86bf40a841740d3eba939ba8f3e1882e8b63136aa5545760b.js]
[js.rbxcdn.com/08a80df707f33dd898e7bc01dbadde44e841cc70b0f86a98b62bddec426c3f05.js]
[js.rbxcdn.com/8f2404ea3cd842c0d1ffd9bebf673b8572a2935243f7e054eef8fcc7a898f48d.js]
[js.rbxcdn.com/38404cddb11105ec76df27fa0be83c4246dfd3a5253d44c63b1c07358d31e763.js]
[js.rbxcdn.com/6fac7d9e4c52d1abe61e4b00c1d407fecc2bd9698de0b3a781b1f84a8af45943.js]
[js.rbxcdn.com/c8fa909bce29701e1243975f2175d68318213775e99f517957c64d4033c430ad.js]
[js.rbxcdn.com/78b558710414c3751068369c178ae4fb77d5066598928c4d12e817f140dd7b2b.js]
[js.rbxcdn.com/fcc1e1b2c9f63c4db6c0e3ce3f70232881fba14b9685d882d4aef2b30f320f20.js]
[js.rbxcdn.com/dc442d3486e4f93a4b0e4ffd38f75cb3edc2023aa2b64e13fae8b8d1f3d24431.js]
[js.rbxcdn.com/264401711913e71359272cb4e77c5b818dc445b3bc77b8e976a4efe1013fe242.js]
[js.rbxcdn.com/15931fc60aa39bae8c05ae8e2567dd5c.js]
[js.rbxcdn.com/47637fa442dc31693dd06c9324d228af48bf04603231213673d6f7f33c281080.js]
[js.rbxcdn.com/4ee26729c19946406d89dbe3a317318ee39714bfd4669fba71c51446228776e2.js]
[js.rbxcdn.com/3f45f2e3107d1f508904e9f83afbc3355a85e3fab57191acd529043ff8773576.js]
[js.rbxcdn.com/5418f00c73c08d3b23c21e9486aaf8de16ee77af85d668428bf542a636103a63.js]
[js.rbxcdn.com/1e83537166af7da7c063ad765ef77997ca54dd77dd08df137a8ec791c2a80795.js]
[js.rbxcdn.com/ce8d685774ad9361d687c0c60e663629e13227caeb35428f1bb2aab5ceb5f229.js]
[js.rbxcdn.com/ef9c13a0d6d74084c16772fe2d079d557d1c4a7d8a9e8dc83d9e8940274ed439.js]
[js.rbxcdn.com/ff86b81fad52e19a8ea0c00796a88a095e517823d5d57d94debaebb844271d32.js]
[js.rbxcdn.com/0821c494a79ed7cbf02c0ec27d680ede7a27efc006f90d6ba6498334d9361b80.js]
[js.rbxcdn.com/833c27d35ec3a8a48e629bf0071f36b2566268a82feb40ced4e90b531f4dc26e.js]
[js.rbxcdn.com/43c65eb03c2fddfb7aa81e4e92eb4fad0d302d328205a1c6e64d8dca3457a421.js]
[js.rbxcdn.com/99da9e8edf61108191e828a8edf34f8a88d4a2980e02a0eb78b13fe0ea24441d.js]
[js.rbxcdn.com/8b8f62c93ba1f851f40cb89cde8ed4b44cc0f892f0fde805b4243f9fb8b8f6f1.js]
[js.rbxcdn.com/60d82f4d0d73db9c3aa59aa97d9238e3fcdf9b5528745e2b935a1b01cd5cba67.js]
[js.rbxcdn.com/cddef009765ca412658d8c18eaf9fe332b3b54af2143085b8347781a767094f0.js]
[js.rbxcdn.com/3f8e434434483277444be52271f30d7e3d83ce0e00218e309bb202c7aaf78502.js]
[js.rbxcdn.com/a504a4fe7bb5befdf84b023efc0a9a084a2da478feb98c8889035db3225c65f5.js]
[js.rbxcdn.com/3812cf6d60a5e5f3a2cb72900d0d88fc53ee96584e08507adf940f085c477ffd.js]
[js.rbxcdn.com/0372b9645c50a3150b5723e8ec262c772d60145beb38807691e01b6d22cdb24c.js]
[js.rbxcdn.com/b0fbd6bc5e01a6149d6ad9c8333646430db4f8a31d66566d4204d6848b65511f.js]
[js.rbxcdn.com/0056022aadda7fc97ab043ed4f014c54aa31c5b13aa2d33840a736db2bc286b4.js]
[js.rbxcdn.com/d4b315e3bee4f66ae47fa9bc6b886f0c4ced6cd275176f1ba44acda156f436e3.js]
[js.rbxcdn.com/3067007b7abb9ae98ab5a0e6244eca60b4c598f99464b629b4ddffdb4b66afce.js]
[js.rbxcdn.com/0c4157ca354776e9d4aed70e79811e55f3394256dc8c41195e7a9503488b66f8.js]
[js.rbxcdn.com/b82696a81c4eb2c4993918bfb0efd0f3605440f861ff017af159c5e0cd3cb64e.js]
[js.rbxcdn.com/6f5230092328c8dc2b2cda1f65de1dec53c42eae78717b59d38e6773ae545523.js]
[js.rbxcdn.com/9f877c3ae7a238df9406bd854eb36d6e15b7d626ea4098ec64b7ece60afbc10c.js]
[js.rbxcdn.com/ae0b87f983397e80bba7d9d943d6fe2bef7a1dce72d8a6ade472430c75878963.js]
[js.rbxcdn.com/ca729abc38119fc49baaf35e3798d84b49e5bd3584824d2e6c9bd5c264c8cde3.js]
[js.rbxcdn.com/328287a2d684f9c39ecec8491e34a01b68a41314f3bda1706a991bd09c72abad.js]
[js.rbxcdn.com/06f3cdb4aed727c74911db36f8c9c82c69bcf0e633dbb20b35d403bfe680cacf.js]
[js.rbxcdn.com/fb8de862b7fa51dc12e96800cbc339d4eac4131fc0e7834e860e418515687da2.js]
[js.rbxcdn.com/f0df9c7fead57d1a7c24d5cc6860786ce1a57de46a7bbc3d8e689c89940f3dd9.js]
[js.rbxcdn.com/dda8c538a8ebec4ff978f30540f47d08d2a68424b7e0a41a1b8a1bf633b25066.js]
[js.rbxcdn.com/1a96754588ca6ce33e921f4bd422c594768848c609e2237265def07fd9aea000.js]
[js.rbxcdn.com/9ccf93e65568293a9d6d037257f446e7f26c3a5cc764663620e3cb3162f7e92e.js]
[js.rbxcdn.com/d319455707509a8dab21abb7a48e5f37e34ab082ff4da907e7b8290ed14b4e56.js]
[js.rbxcdn.com/bd18305af9e4ce41099df37e554eeb1bf2cc139ffba636e356666ccd9d07481c.js]
[js.rbxcdn.com/f97eb41a12dc145846afb2e40be96dc9dd4424a5e6e8ca5609e0b1076011675b.js]
[js.rbxcdn.com/30e8fc3fd860c70d4aff488a2c69b7c3b1a7c64094a30c8d57c595592347ee0c.js]
[js.rbxcdn.com/e778966a23e02f475d8725623a8dc21579b54a939c52738ec1b6565dc15be9bc.js]
[js.rbxcdn.com/c888f26885725ece90159d6391087e0b440225c31c5544c4861effafc67575da.js]
[js.rbxcdn.com/2d85da4f9d2a484be909587bb1490c109d0e2657b9da180d1f0d2bffce8c8508.js]
[js.rbxcdn.com/33a39bce9f710186374b22edd51d18b9df6a03ee4014341a957561307d3a052b.js]
[js.rbxcdn.com/c874c33284a7837876f9f02267d7dab86a6a165e1e75534dd5a7491b39a672e8.js]
[js.rbxcdn.com/a6ef1c9326a235fbf2dcca365b86509ca8ec279963f33ad30516fa6b0deae8cb.js]
[js.rbxcdn.com/1005ee0fb5cbfd9e99d5575c59681fc24aef60ffed860f52b98dc7547f40c496.js]
[js.rbxcdn.com/a76895625bd049324f21dc697fbd4984cae9bed85112df3ad82a1bff81b470a6.js]
[js.rbxcdn.com/27b36084b8e8a2834980847abbc534a171f6d3dd846032932aa2c6ebd9ed190a.js]
[js.rbxcdn.com/3b6738ab640abd35105987c88d06cd0f07e0a497818746a52fd691ecd5672ff4.js]
[js.rbxcdn.com/846daf4727935bf2ce0c89ac0f21292485a9e326c1485ad9717a862220944abe.js]
[js.rbxcdn.com/56728bee27a8608f7bbd04016bc65d1b97165cdd2db169a8fd975dc92ffbb09b.js]
[js.rbxcdn.com/98ca614c3a5d807baf7e365e41c364dcbf840a53e574b8064b126a375184c524.js]
[www.roblox.com/fr/Login.html]
[css.rbxcdn.com/a37a0c2f7ace666c225ad7750883753e3eab0c4b586f5dc89853f85071230e00.css]
[css.rbxcdn.com/944c0c29b874f40bc983ce7754218170b4265e625e7351b1c6880694adb81556.css]
[js.rbxcdn.com/23e8d3b0ff39d055f3154db5c868e22e.js]
[css.rbxcdn.com/0c3888fdbedf9db3.woff2]
[css.rbxcdn.com/7fc67d38cfc34042bc251805f872ff5be8cb502859e943e5dda46fc3907375c6.css]
[css.rbxcdn.com/28d3da7c913edb3c5dfb82f72058178c9ba2c6fb9876b08d73677160922ab903.css]
[css.rbxcdn.com/b8f8f15a57a66e73469ae72eea7d8905346afa78b9f2397627cd099f7dcc779a.css]
[css.rbxcdn.com/66b2fd496e668938e3b0e2d9a0c12f9f88c3a1a4974608f69059d8061fc0141f.css]
[css.rbxcdn.com/400978f76942a120b670fdfc07986d84641694237a4a10ba2b5ca383efd24715.css]
[css.rbxcdn.com/f77e16b9fa5823882aaa0cdabade9706b9ba2b7e050d23d2831da138a58e5f7f.css]
[css.rbxcdn.com/da45920fef8b22d35ee6cce0702d290241252fbfd99695e2abc0934d20de0974.css]
[css.rbxcdn.com/49fff8dad77e5262087267ee2e8fda1607525506c4a1ca20af60f9757684e980.css]
[css.rbxcdn.com/9bfc48ea40a698035ea8cbe3d3e94bd06d3aac48969bedceb6d8ba5ff17ff84d.css]
[css.rbxcdn.com/b386a6bfc8e0077f1187ab64fa702226-BuilderSans-Thin.woff2]
[css.rbxcdn.com/df9a376522ff4c39e6d789e6bcc3d4b2817bdac228020ee6fb4990807031f319.css]
[images.rbxcdn.com/2264d9a3c1a5db37835a57235613e4cd-400_440.png]
[css.rbxcdn.com/f7426ffb19aeabf7440648f7fc7658fa8f823763664f8b667d9b45c8007e3d20.css]
[css.rbxcdn.com/7e348738266e9ea2bae9314a2d26b33618c6f4cf3c527b11023620d973c6e7fc.css]
[css.rbxcdn.com/945686c706d827658e2e4dee3009559078256e204bb42a3f02fdc6c9552cc7f7.css]
[www.roblox.com/fr/login-2.html]
[images.rbxcdn.com/cb04de555d30ed7594e36da2754cc2b1-parent-email-dark.png]
[css.rbxcdn.com/9efc74e20b0735025990b89e70c22857c647df5879703815d5d11b9ae6f6aaee.css]
[css.rbxcdn.com/bc981bafa6b0a52c86d071d1f81b24168a8dd92e72b8ac52d37cb46bf8bd8c42.css]
[images.rbxcdn.com/97ece22f2b7d710a8d25196c871af810-lock.png]
[css.rbxcdn.com/07d73a0fe62fadd30d32d50e667e7d6b62ca192cd258a1c3340cb262de401d72.css]
[css.rbxcdn.com/97a9d5a74599e95902f6456aea6e3cfaa9fe463ebbe0ae4a6a5025d40e1b7866.css]
[css.rbxcdn.com/4b5dce375cef78073d2192583d1ecd458f10c308fa99847d649d5ec801bebd61.css]
[images.rbxcdn.com/782b7fc18a24ee997efd9a7f02fa4bf9-bg_08072019.jpg]
[css.rbxcdn.com/d47b8eefce509dac9b478c8602d901170bbeedd3dad170867869f3cad3f49f15.css]
[css.rbxcdn.com/7dfc7837b5da6850e13413c630b37da7e88aeb610ca2c7d4e8b71b02cbdc6ba6.css]
[css.rbxcdn.com/3c4bd9b17b9020d9ebc87d4542a68a949a9de6150a55a92f0e65514520ee777e.css]
[images.rbxcdn.com/1081a7ee689c21130c51515c4f404fb9-moneystack.png]
[css.rbxcdn.com/1b6cc6d0699561a61e37bae3b8fa07ac5698c5c41c8375ac4f907e189be90232.css]
[images.rbxcdn.com/1bcca464c2031dbd7afc2f89aef781da-shield.png]
[css.rbxcdn.com/3bca47a98d58fdf98a7063c4f3b390671e5326ed559813887f3945876c997da6.css]
[css.rbxcdn.com/d45e200658a1343116bbf4a88c367d093758085e7d001918d641c85b2143468f.css]
[css.rbxcdn.com/c5373f0dced8d7be7bb3ad1b978fb8af776157fcc41ad3d5c92d725063c2e6e1.css]
[css.rbxcdn.com/d5a3728b78be729b693aadf79a1f45f0fa49c15fe863a0d7dd631b75f9e82207.css]
[ecsv2.roblox.com/www/e.png]
[www.roblox.com/fr/download-2.html]
[css.rbxcdn.com/978a01a00b451c0b6a5395b76d4d864b3b581b40bff1a9da1bab9b50fb24d979.css]
[css.rbxcdn.com/3df1e9b65ad46f5d8a4d2e4e166f4c71978d320c25da5730afded0920bda7e9c.css]
[js.rbxcdn.com/cf15bb398cc9df8cca70038accf41583.js]
[js.rbxcdn.com/493054d5c3aa6bf566864be1b37ae750f838a758b08dfe8a93437dc9cb805df3.js]
[js.rbxcdn.com/4652c641e1e7ed4ee02a6a543ddffd3538624fb076835cf24e512c1b458725a6.js]
[js.rbxcdn.com/db3a07b2743f91970efcf94fc9a792c2c0b8a9a058062c0e8a456ee88ca78a2b.js]
[js.rbxcdn.com/5fe3927d3dd9f11e143012ed1dae011d8155ff46bfd862fb6a730fd1633d5887.js]
[js.rbxcdn.com/d5e36fcf1df8ff8c8a85aac2320a0491bed8a43bbba0b080c7812669e40d9598.js]
[js.rbxcdn.com/f8d49be91cc7f55dd05622a6fdcab4812b97e55ebbe21b06ced17c649fad62a7.js]
[www.roblox.com/fr/Download.html]
[js.rbxcdn.com/f21526aad44d0143229d246952197994.js]
[www.roblox.com/fr/download-2.html]
[css.rbxcdn.com/978a01a00b451c0b6a5395b76d4d864b3b581b40bff1a9da1bab9b50fb24d979.css]
[images.rbxcdn.com/cd61247b93abe1751dd351fa6c253ba1-install-app-qr-code.png]
[css.rbxcdn.com/3df1e9b65ad46f5d8a4d2e4e166f4c71978d320c25da5730afded0920bda7e9c.css]
